[2019-02-21 07:27:09] local.ERROR: PDOException: SQLSTATE[HY000] [1049] Unknown database 'sekolah_api' in C:\xampp\htdocs\sekolahAPI\vendor\illuminate\database\Connectors\Connector.php:70
Stack trace:
#0 C:\xampp\htdocs\sekolahAPI\vendor\illuminate\database\Connectors\Connector.php(70): PDO->__construct('mysql:host=127....', 'root', '', Array)
#1 C:\xampp\htdocs\sekolahAPI\vendor\illuminate\database\Connectors\Connector.php(46): Illuminate\Database\Connectors\Connector->createPdoConnection('mysql:host=127....', 'root', '', Array)
#2 C:\xampp\htdocs\sekolahAPI\vendor\illuminate\database\Connectors\MySqlConnector.php(24): Illuminate\Database\Connectors\Connector->createConnection('mysql:host=127....', Array, Array)
#3 C:\xampp\htdocs\sekolahAPI\vendor\illuminate\database\Connectors\ConnectionFactory.php(182): Illuminate\Database\Connectors\MySqlConnector->connect(Array)
#4 [internal function]: Illuminate\Database\Connectors\ConnectionFactory->Illuminate\Database\Connectors\{closure}()
#5 C:\xampp\htdocs\sekolahAPI\vendor\illuminate\database\Connection.php(918): call_user_func(Object(Closure))
#6 C:\xampp\htdocs\sekolahAPI\vendor\illuminate\database\Connection.php(943): Illuminate\Database\Connection->getPdo()
#7 C:\xampp\htdocs\sekolahAPI\vendor\illuminate\database\Connection.php(399): Illuminate\Database\Connection->getReadPdo()
#8 C:\xampp\htdocs\sekolahAPI\vendor\illuminate\database\Connection.php(325): Illuminate\Database\Connection->getPdoForSelect(true)
#9 C:\xampp\htdocs\sekolahAPI\vendor\illuminate\database\Connection.php(657): Illuminate\Database\Connection->Illuminate\Database\{closure}('select * from i...', Array)
#10 C:\xampp\htdocs\sekolahAPI\vendor\illuminate\database\Connection.php(624): Illuminate\Database\Connection->runQueryCallback('select * from i...', Array, Object(Closure))
#11 C:\xampp\htdocs\sekolahAPI\vendor\illuminate\database\Connection.php(333): Illuminate\Database\Connection->run('select * from i...', Array, Object(Closure))
#12 C:\xampp\htdocs\sekolahAPI\vendor\illuminate\database\Schema\MySqlBuilder.php(18): Illuminate\Database\Connection->select('select * from i...', Array)
#13 C:\xampp\htdocs\sekolahAPI\vendor\illuminate\database\Migrations\DatabaseMigrationRepository.php(169): Illuminate\Database\Schema\MySqlBuilder->hasTable('migrations')
#14 C:\xampp\htdocs\sekolahAPI\vendor\illuminate\database\Migrations\Migrator.php(556): Illuminate\Database\Migrations\DatabaseMigrationRepository->repositoryExists()
#15 C:\xampp\htdocs\sekolahAPI\vendor\illuminate\database\Console\Migrations\MigrateCommand.php(91): Illuminate\Database\Migrations\Migrator->repositoryExists()
#16 C:\xampp\htdocs\sekolahAPI\vendor\illuminate\database\Console\Migrations\MigrateCommand.php(63): Illuminate\Database\Console\Migrations\MigrateCommand->prepareDatabase()
#17 [internal function]: Illuminate\Database\Console\Migrations\MigrateCommand->handle()
#18 C:\xampp\htdocs\sekolahAPI\vendor\illuminate\container\BoundMethod.php(29): call_user_func_array(Array, Array)
#19 C:\xampp\htdocs\sekolahAPI\vendor\illuminate\container\BoundMethod.php(87): Illuminate\Container\BoundMethod::Illuminate\Container\{closure}()
#20 C:\xampp\htdocs\sekolahAPI\vendor\illuminate\container\BoundMethod.php(31): Illuminate\Container\BoundMethod::callBoundMethod(Object(Laravel\Lumen\Application), Array, Object(Closure))
#21 C:\xampp\htdocs\sekolahAPI\vendor\illuminate\container\Container.php(572): Illuminate\Container\BoundMethod::call(Object(Laravel\Lumen\Application), Array, Array, NULL)
#22 C:\xampp\htdocs\sekolahAPI\vendor\illuminate\console\Command.php(183): Illuminate\Container\Container->call(Array)
#23 C:\xampp\htdocs\sekolahAPI\vendor\symfony\console\Command\Command.php(255): Illuminate\Console\Command->execute(Object(Symfony\Component\Console\Input\ArgvInput), Object(Illuminate\Console\OutputStyle))
#24 C:\xampp\htdocs\sekolahAPI\vendor\illuminate\console\Command.php(170): Symfony\Component\Console\Command\Command->run(Object(Symfony\Component\Console\Input\ArgvInput), Object(Illuminate\Console\OutputStyle))
#25 C:\xampp\htdocs\sekolahAPI\vendor\symfony\console\Application.php(901): Illuminate\Console\Command->run(Object(Symfony\Component\Console\Input\ArgvInput), Object(Symfony\Component\Console\Output\ConsoleOutput))
#26 C:\xampp\htdocs\sekolahAPI\vendor\symfony\console\Application.php(262): Symfony\Component\Console\Application->doRunCommand(Object(Illuminate\Database\Console\Migrations\MigrateCommand), Object(Symfony\Component\Console\Input\ArgvInput), Object(Symfony\Component\Console\Output\ConsoleOutput))
#27 C:\xampp\htdocs\sekolahAPI\vendor\symfony\console\Application.php(145): Symfony\Component\Console\Application->doRun(Object(Symfony\Component\Console\Input\ArgvInput), Object(Symfony\Component\Console\Output\ConsoleOutput))
#28 C:\xampp\htdocs\sekolahAPI\vendor\illuminate\console\Application.php(89): Symfony\Component\Console\Application->run(Object(Symfony\Component\Console\Input\ArgvInput), Object(Symfony\Component\Console\Output\ConsoleOutput))
#29 C:\xampp\htdocs\sekolahAPI\vendor\laravel\lumen-framework\src\Console\Kernel.php(115): Illuminate\Console\Application->run(Object(Symfony\Component\Console\Input\ArgvInput), Object(Symfony\Component\Console\Output\ConsoleOutput))
#30 C:\xampp\htdocs\sekolahAPI\artisan(35): Laravel\Lumen\Console\Kernel->handle(Object(Symfony\Component\Console\Input\ArgvInput), Object(Symfony\Component\Console\Output\ConsoleOutput))
#31 {main}

Next Illuminate\Database\QueryException: SQLSTATE[HY000] [1049] Unknown database 'sekolah_api' (SQL: select * from information_schema.tables where table_schema = sekolah_api and table_name = migrations) in C:\xampp\htdocs\sekolahAPI\vendor\illuminate\database\Connection.php:664
Stack trace:
#0 C:\xampp\htdocs\sekolahAPI\vendor\illuminate\database\Connection.php(624): Illuminate\Database\Connection->runQueryCallback('select * from i...', Array, Object(Closure))
#1 C:\xampp\htdocs\sekolahAPI\vendor\illuminate\database\Connection.php(333): Illuminate\Database\Connection->run('select * from i...', Array, Object(Closure))
#2 C:\xampp\htdocs\sekolahAPI\vendor\illuminate\database\Schema\MySqlBuilder.php(18): Illuminate\Database\Connection->select('select * from i...', Array)
#3 C:\xampp\htdocs\sekolahAPI\vendor\illuminate\database\Migrations\DatabaseMigrationRepository.php(169): Illuminate\Database\Schema\MySqlBuilder->hasTable('migrations')
#4 C:\xampp\htdocs\sekolahAPI\vendor\illuminate\database\Migrations\Migrator.php(556): Illuminate\Database\Migrations\DatabaseMigrationRepository->repositoryExists()
#5 C:\xampp\htdocs\sekolahAPI\vendor\illuminate\database\Console\Migrations\MigrateCommand.php(91): Illuminate\Database\Migrations\Migrator->repositoryExists()
#6 C:\xampp\htdocs\sekolahAPI\vendor\illuminate\database\Console\Migrations\MigrateCommand.php(63): Illuminate\Database\Console\Migrations\MigrateCommand->prepareDatabase()
#7 [internal function]: Illuminate\Database\Console\Migrations\MigrateCommand->handle()
#8 C:\xampp\htdocs\sekolahAPI\vendor\illuminate\container\BoundMethod.php(29): call_user_func_array(Array, Array)
#9 C:\xampp\htdocs\sekolahAPI\vendor\illuminate\container\BoundMethod.php(87): Illuminate\Container\BoundMethod::Illuminate\Container\{closure}()
#10 C:\xampp\htdocs\sekolahAPI\vendor\illuminate\container\BoundMethod.php(31): Illuminate\Container\BoundMethod::callBoundMethod(Object(Laravel\Lumen\Application), Array, Object(Closure))
#11 C:\xampp\htdocs\sekolahAPI\vendor\illuminate\container\Container.php(572): Illuminate\Container\BoundMethod::call(Object(Laravel\Lumen\Application), Array, Array, NULL)
#12 C:\xampp\htdocs\sekolahAPI\vendor\illuminate\console\Command.php(183): Illuminate\Container\Container->call(Array)
#13 C:\xampp\htdocs\sekolahAPI\vendor\symfony\console\Command\Command.php(255): Illuminate\Console\Command->execute(Object(Symfony\Component\Console\Input\ArgvInput), Object(Illuminate\Console\OutputStyle))
#14 C:\xampp\htdocs\sekolahAPI\vendor\illuminate\console\Command.php(170): Symfony\Component\Console\Command\Command->run(Object(Symfony\Component\Console\Input\ArgvInput), Object(Illuminate\Console\OutputStyle))
#15 C:\xampp\htdocs\sekolahAPI\vendor\symfony\console\Application.php(901): Illuminate\Console\Command->run(Object(Symfony\Component\Console\Input\ArgvInput), Object(Symfony\Component\Console\Output\ConsoleOutput))
#16 C:\xampp\htdocs\sekolahAPI\vendor\symfony\console\Application.php(262): Symfony\Component\Console\Application->doRunCommand(Object(Illuminate\Database\Console\Migrations\MigrateCommand), Object(Symfony\Component\Console\Input\ArgvInput), Object(Symfony\Component\Console\Output\ConsoleOutput))
#17 C:\xampp\htdocs\sekolahAPI\vendor\symfony\console\Application.php(145): Symfony\Component\Console\Application->doRun(Object(Symfony\Component\Console\Input\ArgvInput), Object(Symfony\Component\Console\Output\ConsoleOutput))
#18 C:\xampp\htdocs\sekolahAPI\vendor\illuminate\console\Application.php(89): Symfony\Component\Console\Application->run(Object(Symfony\Component\Console\Input\ArgvInput), Object(Symfony\Component\Console\Output\ConsoleOutput))
#19 C:\xampp\htdocs\sekolahAPI\vendor\laravel\lumen-framework\src\Console\Kernel.php(115): Illuminate\Console\Application->run(Object(Symfony\Component\Console\Input\ArgvInput), Object(Symfony\Component\Console\Output\ConsoleOutput))
#20 C:\xampp\htdocs\sekolahAPI\artisan(35): Laravel\Lumen\Console\Kernel->handle(Object(Symfony\Component\Console\Input\ArgvInput), Object(Symfony\Component\Console\Output\ConsoleOutput))
#21 {main} {"exception":"[object] (Illuminate\\Database\\QueryException(code: 1049): SQLSTATE[HY000] [1049] Unknown database 'sekolah_api' (SQL: select * from information_schema.tables where table_schema = sekolah_api and table_name = migrations) at C:\\xampp\\htdocs\\sekolahAPI\\vendor\\illuminate\\database\\Connection.php:664, PDOException(code: 1049): SQLSTATE[HY000] [1049] Unknown database 'sekolah_api' at C:\\xampp\\htdocs\\sekolahAPI\\vendor\\illuminate\\database\\Connectors\\Connector.php:70)
[stacktrace]
#0 C:\\xampp\\htdocs\\sekolahAPI\\vendor\\illuminate\\database\\Connection.php(624): Illuminate\\Database\\Connection->runQueryCallback('select * from i...', Array, Object(Closure))
#1 C:\\xampp\\htdocs\\sekolahAPI\\vendor\\illuminate\\database\\Connection.php(333): Illuminate\\Database\\Connection->run('select * from i...', Array, Object(Closure))
#2 C:\\xampp\\htdocs\\sekolahAPI\\vendor\\illuminate\\database\\Schema\\MySqlBuilder.php(18): Illuminate\\Database\\Connection->select('select * from i...', Array)
#3 C:\\xampp\\htdocs\\sekolahAPI\\vendor\\illuminate\\database\\Migrations\\DatabaseMigrationRepository.php(169): Illuminate\\Database\\Schema\\MySqlBuilder->hasTable('migrations')
#4 C:\\xampp\\htdocs\\sekolahAPI\\vendor\\illuminate\\database\\Migrations\\Migrator.php(556): Illuminate\\Database\\Migrations\\DatabaseMigrationRepository->repositoryExists()
#5 C:\\xampp\\htdocs\\sekolahAPI\\vendor\\illuminate\\database\\Console\\Migrations\\MigrateCommand.php(91): Illuminate\\Database\\Migrations\\Migrator->repositoryExists()
#6 C:\\xampp\\htdocs\\sekolahAPI\\vendor\\illuminate\\database\\Console\\Migrations\\MigrateCommand.php(63): Illuminate\\Database\\Console\\Migrations\\MigrateCommand->prepareDatabase()
#7 [internal function]: Illuminate\\Database\\Console\\Migrations\\MigrateCommand->handle()
#8 C:\\xampp\\htdocs\\sekolahAPI\\vendor\\illuminate\\container\\BoundMethod.php(29): call_user_func_array(Array, Array)
#9 C:\\xampp\\htdocs\\sekolahAPI\\vendor\\illuminate\\container\\BoundMethod.php(87): Illuminate\\Container\\BoundMethod::Illuminate\\Container\\{closure}()
#10 C:\\xampp\\htdocs\\sekolahAPI\\vendor\\illuminate\\container\\BoundMethod.php(31): Illuminate\\Container\\BoundMethod::callBoundMethod(Object(Laravel\\Lumen\\Application), Array, Object(Closure))
#11 C:\\xampp\\htdocs\\sekolahAPI\\vendor\\illuminate\\container\\Container.php(572): Illuminate\\Container\\BoundMethod::call(Object(Laravel\\Lumen\\Application), Array, Array, NULL)
#12 C:\\xampp\\htdocs\\sekolahAPI\\vendor\\illuminate\\console\\Command.php(183): Illuminate\\Container\\Container->call(Array)
#13 C:\\xampp\\htdocs\\sekolahAPI\\vendor\\symfony\\console\\Command\\Command.php(255): Illuminate\\Console\\Command->execute(Object(Symfony\\Component\\Console\\Input\\ArgvInput), Object(Illuminate\\Console\\OutputStyle))
#14 C:\\xampp\\htdocs\\sekolahAPI\\vendor\\illuminate\\console\\Command.php(170): Symfony\\Component\\Console\\Command\\Command->run(Object(Symfony\\Component\\Console\\Input\\ArgvInput), Object(Illuminate\\Console\\OutputStyle))
#15 C:\\xampp\\htdocs\\sekolahAPI\\vendor\\symfony\\console\\Application.php(901): Illuminate\\Console\\Command->run(Object(Symfony\\Component\\Console\\Input\\ArgvInput), Object(Symfony\\Component\\Console\\Output\\ConsoleOutput))
#16 C:\\xampp\\htdocs\\sekolahAPI\\vendor\\symfony\\console\\Application.php(262): Symfony\\Component\\Console\\Application->doRunCommand(Object(Illuminate\\Database\\Console\\Migrations\\MigrateCommand), Object(Symfony\\Component\\Console\\Input\\ArgvInput), Object(Symfony\\Component\\Console\\Output\\ConsoleOutput))
#17 C:\\xampp\\htdocs\\sekolahAPI\\vendor\\symfony\\console\\Application.php(145): Symfony\\Component\\Console\\Application->doRun(Object(Symfony\\Component\\Console\\Input\\ArgvInput), Object(Symfony\\Component\\Console\\Output\\ConsoleOutput))
#18 C:\\xampp\\htdocs\\sekolahAPI\\vendor\\illuminate\\console\\Application.php(89): Symfony\\Component\\Console\\Application->run(Object(Symfony\\Component\\Console\\Input\\ArgvInput), Object(Symfony\\Component\\Console\\Output\\ConsoleOutput))
#19 C:\\xampp\\htdocs\\sekolahAPI\\vendor\\laravel\\lumen-framework\\src\\Console\\Kernel.php(115): Illuminate\\Console\\Application->run(Object(Symfony\\Component\\Console\\Input\\ArgvInput), Object(Symfony\\Component\\Console\\Output\\ConsoleOutput))
#20 C:\\xampp\\htdocs\\sekolahAPI\\artisan(35): Laravel\\Lumen\\Console\\Kernel->handle(Object(Symfony\\Component\\Console\\Input\\ArgvInput), Object(Symfony\\Component\\Console\\Output\\ConsoleOutput))
#21 {main}
"} 
[2019-02-21 07:27:37] local.ERROR: PDOException: SQLSTATE[42S01]: Base table or view already exists: 1050 Table 't_siswa' already exists in C:\xampp\htdocs\sekolahAPI\vendor\illuminate\database\Connection.php:458
Stack trace:
#0 C:\xampp\htdocs\sekolahAPI\vendor\illuminate\database\Connection.php(458): PDOStatement->execute()
#1 C:\xampp\htdocs\sekolahAPI\vendor\illuminate\database\Connection.php(657): Illuminate\Database\Connection->Illuminate\Database\{closure}('create table `t...', Array)
#2 C:\xampp\htdocs\sekolahAPI\vendor\illuminate\database\Connection.php(624): Illuminate\Database\Connection->runQueryCallback('create table `t...', Array, Object(Closure))
#3 C:\xampp\htdocs\sekolahAPI\vendor\illuminate\database\Connection.php(459): Illuminate\Database\Connection->run('create table `t...', Array, Object(Closure))
#4 C:\xampp\htdocs\sekolahAPI\vendor\illuminate\database\Schema\Blueprint.php(97): Illuminate\Database\Connection->statement('create table `t...')
#5 C:\xampp\htdocs\sekolahAPI\vendor\illuminate\database\Schema\Builder.php(264): Illuminate\Database\Schema\Blueprint->build(Object(Illuminate\Database\MySqlConnection), Object(Illuminate\Database\Schema\Grammars\MySqlGrammar))
#6 C:\xampp\htdocs\sekolahAPI\vendor\illuminate\database\Schema\Builder.php(165): Illuminate\Database\Schema\Builder->build(Object(Illuminate\Database\Schema\Blueprint))
#7 C:\xampp\htdocs\sekolahAPI\vendor\illuminate\support\Facades\Facade.php(237): Illuminate\Database\Schema\Builder->create('t_siswa', Object(Closure))
#8 C:\xampp\htdocs\sekolahAPI\database\migrations\2019_02_21_072632_create_t_siswa.php(23): Illuminate\Support\Facades\Facade::__callStatic('create', Array)
#9 C:\xampp\htdocs\sekolahAPI\vendor\illuminate\database\Migrations\Migrator.php(360): CreateTSiswa->up()
#10 C:\xampp\htdocs\sekolahAPI\vendor\illuminate\database\Migrations\Migrator.php(367): Illuminate\Database\Migrations\Migrator->Illuminate\Database\Migrations\{closure}()
#11 C:\xampp\htdocs\sekolahAPI\vendor\illuminate\database\Migrations\Migrator.php(178): Illuminate\Database\Migrations\Migrator->runMigration(Object(CreateTSiswa), 'up')
#12 C:\xampp\htdocs\sekolahAPI\vendor\illuminate\database\Migrations\Migrator.php(147): Illuminate\Database\Migrations\Migrator->runUp('C:\\xampp\\htdocs...', 2, false)
#13 C:\xampp\htdocs\sekolahAPI\vendor\illuminate\database\Migrations\Migrator.php(96): Illuminate\Database\Migrations\Migrator->runPending(Array, Array)
#14 C:\xampp\htdocs\sekolahAPI\vendor\illuminate\database\Console\Migrations\MigrateCommand.php(71): Illuminate\Database\Migrations\Migrator->run(Array, Array)
#15 [internal function]: Illuminate\Database\Console\Migrations\MigrateCommand->handle()
#16 C:\xampp\htdocs\sekolahAPI\vendor\illuminate\container\BoundMethod.php(29): call_user_func_array(Array, Array)
#17 C:\xampp\htdocs\sekolahAPI\vendor\illuminate\container\BoundMethod.php(87): Illuminate\Container\BoundMethod::Illuminate\Container\{closure}()
#18 C:\xampp\htdocs\sekolahAPI\vendor\illuminate\container\BoundMethod.php(31): Illuminate\Container\BoundMethod::callBoundMethod(Object(Laravel\Lumen\Application), Array, Object(Closure))
#19 C:\xampp\htdocs\sekolahAPI\vendor\illuminate\container\Container.php(572): Illuminate\Container\BoundMethod::call(Object(Laravel\Lumen\Application), Array, Array, NULL)
#20 C:\xampp\htdocs\sekolahAPI\vendor\illuminate\console\Command.php(183): Illuminate\Container\Container->call(Array)
#21 C:\xampp\htdocs\sekolahAPI\vendor\symfony\console\Command\Command.php(255): Illuminate\Console\Command->execute(Object(Symfony\Component\Console\Input\ArgvInput), Object(Illuminate\Console\OutputStyle))
#22 C:\xampp\htdocs\sekolahAPI\vendor\illuminate\console\Command.php(170): Symfony\Component\Console\Command\Command->run(Object(Symfony\Component\Console\Input\ArgvInput), Object(Illuminate\Console\OutputStyle))
#23 C:\xampp\htdocs\sekolahAPI\vendor\symfony\console\Application.php(901): Illuminate\Console\Command->run(Object(Symfony\Component\Console\Input\ArgvInput), Object(Symfony\Component\Console\Output\ConsoleOutput))
#24 C:\xampp\htdocs\sekolahAPI\vendor\symfony\console\Application.php(262): Symfony\Component\Console\Application->doRunCommand(Object(Illuminate\Database\Console\Migrations\MigrateCommand), Object(Symfony\Component\Console\Input\ArgvInput), Object(Symfony\Component\Console\Output\ConsoleOutput))
#25 C:\xampp\htdocs\sekolahAPI\vendor\symfony\console\Application.php(145): Symfony\Component\Console\Application->doRun(Object(Symfony\Component\Console\Input\ArgvInput), Object(Symfony\Component\Console\Output\ConsoleOutput))
#26 C:\xampp\htdocs\sekolahAPI\vendor\illuminate\console\Application.php(89): Symfony\Component\Console\Application->run(Object(Symfony\Component\Console\Input\ArgvInput), Object(Symfony\Component\Console\Output\ConsoleOutput))
#27 C:\xampp\htdocs\sekolahAPI\vendor\laravel\lumen-framework\src\Console\Kernel.php(115): Illuminate\Console\Application->run(Object(Symfony\Component\Console\Input\ArgvInput), Object(Symfony\Component\Console\Output\ConsoleOutput))
#28 C:\xampp\htdocs\sekolahAPI\artisan(35): Laravel\Lumen\Console\Kernel->handle(Object(Symfony\Component\Console\Input\ArgvInput), Object(Symfony\Component\Console\Output\ConsoleOutput))
#29 {main}

Next Illuminate\Database\QueryException: SQLSTATE[42S01]: Base table or view already exists: 1050 Table 't_siswa' already exists (SQL: create table `t_siswa` (`id` int unsigned not null auto_increment primary key, `nis` int not null, `nama_lengkap` varchar(150) not null, `jenis_kelamin` varchar(1) not null, `alamat` varchar(150) not null, `created_at` timestamp null, `updated_at` timestamp null) default character set utf8mb4 collate 'utf8mb4_unicode_ci') in C:\xampp\htdocs\sekolahAPI\vendor\illuminate\database\Connection.php:664
Stack trace:
#0 C:\xampp\htdocs\sekolahAPI\vendor\illuminate\database\Connection.php(624): Illuminate\Database\Connection->runQueryCallback('create table `t...', Array, Object(Closure))
#1 C:\xampp\htdocs\sekolahAPI\vendor\illuminate\database\Connection.php(459): Illuminate\Database\Connection->run('create table `t...', Array, Object(Closure))
#2 C:\xampp\htdocs\sekolahAPI\vendor\illuminate\database\Schema\Blueprint.php(97): Illuminate\Database\Connection->statement('create table `t...')
#3 C:\xampp\htdocs\sekolahAPI\vendor\illuminate\database\Schema\Builder.php(264): Illuminate\Database\Schema\Blueprint->build(Object(Illuminate\Database\MySqlConnection), Object(Illuminate\Database\Schema\Grammars\MySqlGrammar))
#4 C:\xampp\htdocs\sekolahAPI\vendor\illuminate\database\Schema\Builder.php(165): Illuminate\Database\Schema\Builder->build(Object(Illuminate\Database\Schema\Blueprint))
#5 C:\xampp\htdocs\sekolahAPI\vendor\illuminate\support\Facades\Facade.php(237): Illuminate\Database\Schema\Builder->create('t_siswa', Object(Closure))
#6 C:\xampp\htdocs\sekolahAPI\database\migrations\2019_02_21_072632_create_t_siswa.php(23): Illuminate\Support\Facades\Facade::__callStatic('create', Array)
#7 C:\xampp\htdocs\sekolahAPI\vendor\illuminate\database\Migrations\Migrator.php(360): CreateTSiswa->up()
#8 C:\xampp\htdocs\sekolahAPI\vendor\illuminate\database\Migrations\Migrator.php(367): Illuminate\Database\Migrations\Migrator->Illuminate\Database\Migrations\{closure}()
#9 C:\xampp\htdocs\sekolahAPI\vendor\illuminate\database\Migrations\Migrator.php(178): Illuminate\Database\Migrations\Migrator->runMigration(Object(CreateTSiswa), 'up')
#10 C:\xampp\htdocs\sekolahAPI\vendor\illuminate\database\Migrations\Migrator.php(147): Illuminate\Database\Migrations\Migrator->runUp('C:\\xampp\\htdocs...', 2, false)
#11 C:\xampp\htdocs\sekolahAPI\vendor\illuminate\database\Migrations\Migrator.php(96): Illuminate\Database\Migrations\Migrator->runPending(Array, Array)
#12 C:\xampp\htdocs\sekolahAPI\vendor\illuminate\database\Console\Migrations\MigrateCommand.php(71): Illuminate\Database\Migrations\Migrator->run(Array, Array)
#13 [internal function]: Illuminate\Database\Console\Migrations\MigrateCommand->handle()
#14 C:\xampp\htdocs\sekolahAPI\vendor\illuminate\container\BoundMethod.php(29): call_user_func_array(Array, Array)
#15 C:\xampp\htdocs\sekolahAPI\vendor\illuminate\container\BoundMethod.php(87): Illuminate\Container\BoundMethod::Illuminate\Container\{closure}()
#16 C:\xampp\htdocs\sekolahAPI\vendor\illuminate\container\BoundMethod.php(31): Illuminate\Container\BoundMethod::callBoundMethod(Object(Laravel\Lumen\Application), Array, Object(Closure))
#17 C:\xampp\htdocs\sekolahAPI\vendor\illuminate\container\Container.php(572): Illuminate\Container\BoundMethod::call(Object(Laravel\Lumen\Application), Array, Array, NULL)
#18 C:\xampp\htdocs\sekolahAPI\vendor\illuminate\console\Command.php(183): Illuminate\Container\Container->call(Array)
#19 C:\xampp\htdocs\sekolahAPI\vendor\symfony\console\Command\Command.php(255): Illuminate\Console\Command->execute(Object(Symfony\Component\Console\Input\ArgvInput), Object(Illuminate\Console\OutputStyle))
#20 C:\xampp\htdocs\sekolahAPI\vendor\illuminate\console\Command.php(170): Symfony\Component\Console\Command\Command->run(Object(Symfony\Component\Console\Input\ArgvInput), Object(Illuminate\Console\OutputStyle))
#21 C:\xampp\htdocs\sekolahAPI\vendor\symfony\console\Application.php(901): Illuminate\Console\Command->run(Object(Symfony\Component\Console\Input\ArgvInput), Object(Symfony\Component\Console\Output\ConsoleOutput))
#22 C:\xampp\htdocs\sekolahAPI\vendor\symfony\console\Application.php(262): Symfony\Component\Console\Application->doRunCommand(Object(Illuminate\Database\Console\Migrations\MigrateCommand), Object(Symfony\Component\Console\Input\ArgvInput), Object(Symfony\Component\Console\Output\ConsoleOutput))
#23 C:\xampp\htdocs\sekolahAPI\vendor\symfony\console\Application.php(145): Symfony\Component\Console\Application->doRun(Object(Symfony\Component\Console\Input\ArgvInput), Object(Symfony\Component\Console\Output\ConsoleOutput))
#24 C:\xampp\htdocs\sekolahAPI\vendor\illuminate\console\Application.php(89): Symfony\Component\Console\Application->run(Object(Symfony\Component\Console\Input\ArgvInput), Object(Symfony\Component\Console\Output\ConsoleOutput))
#25 C:\xampp\htdocs\sekolahAPI\vendor\laravel\lumen-framework\src\Console\Kernel.php(115): Illuminate\Console\Application->run(Object(Symfony\Component\Console\Input\ArgvInput), Object(Symfony\Component\Console\Output\ConsoleOutput))
#26 C:\xampp\htdocs\sekolahAPI\artisan(35): Laravel\Lumen\Console\Kernel->handle(Object(Symfony\Component\Console\Input\ArgvInput), Object(Symfony\Component\Console\Output\ConsoleOutput))
#27 {main} {"exception":"[object] (Illuminate\\Database\\QueryException(code: 42S01): SQLSTATE[42S01]: Base table or view already exists: 1050 Table 't_siswa' already exists (SQL: create table `t_siswa` (`id` int unsigned not null auto_increment primary key, `nis` int not null, `nama_lengkap` varchar(150) not null, `jenis_kelamin` varchar(1) not null, `alamat` varchar(150) not null, `created_at` timestamp null, `updated_at` timestamp null) default character set utf8mb4 collate 'utf8mb4_unicode_ci') at C:\\xampp\\htdocs\\sekolahAPI\\vendor\\illuminate\\database\\Connection.php:664, PDOException(code: 42S01): SQLSTATE[42S01]: Base table or view already exists: 1050 Table 't_siswa' already exists at C:\\xampp\\htdocs\\sekolahAPI\\vendor\\illuminate\\database\\Connection.php:458)
[stacktrace]
#0 C:\\xampp\\htdocs\\sekolahAPI\\vendor\\illuminate\\database\\Connection.php(624): Illuminate\\Database\\Connection->runQueryCallback('create table `t...', Array, Object(Closure))
#1 C:\\xampp\\htdocs\\sekolahAPI\\vendor\\illuminate\\database\\Connection.php(459): Illuminate\\Database\\Connection->run('create table `t...', Array, Object(Closure))
#2 C:\\xampp\\htdocs\\sekolahAPI\\vendor\\illuminate\\database\\Schema\\Blueprint.php(97): Illuminate\\Database\\Connection->statement('create table `t...')
#3 C:\\xampp\\htdocs\\sekolahAPI\\vendor\\illuminate\\database\\Schema\\Builder.php(264): Illuminate\\Database\\Schema\\Blueprint->build(Object(Illuminate\\Database\\MySqlConnection), Object(Illuminate\\Database\\Schema\\Grammars\\MySqlGrammar))
#4 C:\\xampp\\htdocs\\sekolahAPI\\vendor\\illuminate\\database\\Schema\\Builder.php(165): Illuminate\\Database\\Schema\\Builder->build(Object(Illuminate\\Database\\Schema\\Blueprint))
#5 C:\\xampp\\htdocs\\sekolahAPI\\vendor\\illuminate\\support\\Facades\\Facade.php(237): Illuminate\\Database\\Schema\\Builder->create('t_siswa', Object(Closure))
#6 C:\\xampp\\htdocs\\sekolahAPI\\database\\migrations\\2019_02_21_072632_create_t_siswa.php(23): Illuminate\\Support\\Facades\\Facade::__callStatic('create', Array)
#7 C:\\xampp\\htdocs\\sekolahAPI\\vendor\\illuminate\\database\\Migrations\\Migrator.php(360): CreateTSiswa->up()
#8 C:\\xampp\\htdocs\\sekolahAPI\\vendor\\illuminate\\database\\Migrations\\Migrator.php(367): Illuminate\\Database\\Migrations\\Migrator->Illuminate\\Database\\Migrations\\{closure}()
#9 C:\\xampp\\htdocs\\sekolahAPI\\vendor\\illuminate\\database\\Migrations\\Migrator.php(178): Illuminate\\Database\\Migrations\\Migrator->runMigration(Object(CreateTSiswa), 'up')
#10 C:\\xampp\\htdocs\\sekolahAPI\\vendor\\illuminate\\database\\Migrations\\Migrator.php(147): Illuminate\\Database\\Migrations\\Migrator->runUp('C:\\\\xampp\\\\htdocs...', 2, false)
#11 C:\\xampp\\htdocs\\sekolahAPI\\vendor\\illuminate\\database\\Migrations\\Migrator.php(96): Illuminate\\Database\\Migrations\\Migrator->runPending(Array, Array)
#12 C:\\xampp\\htdocs\\sekolahAPI\\vendor\\illuminate\\database\\Console\\Migrations\\MigrateCommand.php(71): Illuminate\\Database\\Migrations\\Migrator->run(Array, Array)
#13 [internal function]: Illuminate\\Database\\Console\\Migrations\\MigrateCommand->handle()
#14 C:\\xampp\\htdocs\\sekolahAPI\\vendor\\illuminate\\container\\BoundMethod.php(29): call_user_func_array(Array, Array)
#15 C:\\xampp\\htdocs\\sekolahAPI\\vendor\\illuminate\\container\\BoundMethod.php(87): Illuminate\\Container\\BoundMethod::Illuminate\\Container\\{closure}()
#16 C:\\xampp\\htdocs\\sekolahAPI\\vendor\\illuminate\\container\\BoundMethod.php(31): Illuminate\\Container\\BoundMethod::callBoundMethod(Object(Laravel\\Lumen\\Application), Array, Object(Closure))
#17 C:\\xampp\\htdocs\\sekolahAPI\\vendor\\illuminate\\container\\Container.php(572): Illuminate\\Container\\BoundMethod::call(Object(Laravel\\Lumen\\Application), Array, Array, NULL)
#18 C:\\xampp\\htdocs\\sekolahAPI\\vendor\\illuminate\\console\\Command.php(183): Illuminate\\Container\\Container->call(Array)
#19 C:\\xampp\\htdocs\\sekolahAPI\\vendor\\symfony\\console\\Command\\Command.php(255): Illuminate\\Console\\Command->execute(Object(Symfony\\Component\\Console\\Input\\ArgvInput), Object(Illuminate\\Console\\OutputStyle))
#20 C:\\xampp\\htdocs\\sekolahAPI\\vendor\\illuminate\\console\\Command.php(170): Symfony\\Component\\Console\\Command\\Command->run(Object(Symfony\\Component\\Console\\Input\\ArgvInput), Object(Illuminate\\Console\\OutputStyle))
#21 C:\\xampp\\htdocs\\sekolahAPI\\vendor\\symfony\\console\\Application.php(901): Illuminate\\Console\\Command->run(Object(Symfony\\Component\\Console\\Input\\ArgvInput), Object(Symfony\\Component\\Console\\Output\\ConsoleOutput))
#22 C:\\xampp\\htdocs\\sekolahAPI\\vendor\\symfony\\console\\Application.php(262): Symfony\\Component\\Console\\Application->doRunCommand(Object(Illuminate\\Database\\Console\\Migrations\\MigrateCommand), Object(Symfony\\Component\\Console\\Input\\ArgvInput), Object(Symfony\\Component\\Console\\Output\\ConsoleOutput))
#23 C:\\xampp\\htdocs\\sekolahAPI\\vendor\\symfony\\console\\Application.php(145): Symfony\\Component\\Console\\Application->doRun(Object(Symfony\\Component\\Console\\Input\\ArgvInput), Object(Symfony\\Component\\Console\\Output\\ConsoleOutput))
#24 C:\\xampp\\htdocs\\sekolahAPI\\vendor\\illuminate\\console\\Application.php(89): Symfony\\Component\\Console\\Application->run(Object(Symfony\\Component\\Console\\Input\\ArgvInput), Object(Symfony\\Component\\Console\\Output\\ConsoleOutput))
#25 C:\\xampp\\htdocs\\sekolahAPI\\vendor\\laravel\\lumen-framework\\src\\Console\\Kernel.php(115): Illuminate\\Console\\Application->run(Object(Symfony\\Component\\Console\\Input\\ArgvInput), Object(Symfony\\Component\\Console\\Output\\ConsoleOutput))
#26 C:\\xampp\\htdocs\\sekolahAPI\\artisan(35): Laravel\\Lumen\\Console\\Kernel->handle(Object(Symfony\\Component\\Console\\Input\\ArgvInput), Object(Symfony\\Component\\Console\\Output\\ConsoleOutput))
#27 {main}
"} 
[2019-02-21 14:43:09] local.ERROR: PDOException: SQLSTATE[42S01]: Base table or view already exists: 1050 Table 't_siswa' already exists in C:\xampp\htdocs\sekolahAPI\vendor\illuminate\database\Connection.php:458
Stack trace:
#0 C:\xampp\htdocs\sekolahAPI\vendor\illuminate\database\Connection.php(458): PDOStatement->execute()
#1 C:\xampp\htdocs\sekolahAPI\vendor\illuminate\database\Connection.php(657): Illuminate\Database\Connection->Illuminate\Database\{closure}('create table `t...', Array)
#2 C:\xampp\htdocs\sekolahAPI\vendor\illuminate\database\Connection.php(624): Illuminate\Database\Connection->runQueryCallback('create table `t...', Array, Object(Closure))
#3 C:\xampp\htdocs\sekolahAPI\vendor\illuminate\database\Connection.php(459): Illuminate\Database\Connection->run('create table `t...', Array, Object(Closure))
#4 C:\xampp\htdocs\sekolahAPI\vendor\illuminate\database\Schema\Blueprint.php(97): Illuminate\Database\Connection->statement('create table `t...')
#5 C:\xampp\htdocs\sekolahAPI\vendor\illuminate\database\Schema\Builder.php(264): Illuminate\Database\Schema\Blueprint->build(Object(Illuminate\Database\MySqlConnection), Object(Illuminate\Database\Schema\Grammars\MySqlGrammar))
#6 C:\xampp\htdocs\sekolahAPI\vendor\illuminate\database\Schema\Builder.php(165): Illuminate\Database\Schema\Builder->build(Object(Illuminate\Database\Schema\Blueprint))
#7 C:\xampp\htdocs\sekolahAPI\vendor\illuminate\support\Facades\Facade.php(237): Illuminate\Database\Schema\Builder->create('t_siswa', Object(Closure))
#8 C:\xampp\htdocs\sekolahAPI\database\migrations\2019_02_21_072632_create_t_siswa.php(23): Illuminate\Support\Facades\Facade::__callStatic('create', Array)
#9 C:\xampp\htdocs\sekolahAPI\vendor\illuminate\database\Migrations\Migrator.php(360): CreateTSiswa->up()
#10 C:\xampp\htdocs\sekolahAPI\vendor\illuminate\database\Migrations\Migrator.php(367): Illuminate\Database\Migrations\Migrator->Illuminate\Database\Migrations\{closure}()
#11 C:\xampp\htdocs\sekolahAPI\vendor\illuminate\database\Migrations\Migrator.php(178): Illuminate\Database\Migrations\Migrator->runMigration(Object(CreateTSiswa), 'up')
#12 C:\xampp\htdocs\sekolahAPI\vendor\illuminate\database\Migrations\Migrator.php(147): Illuminate\Database\Migrations\Migrator->runUp('C:\\xampp\\htdocs...', 2, false)
#13 C:\xampp\htdocs\sekolahAPI\vendor\illuminate\database\Migrations\Migrator.php(96): Illuminate\Database\Migrations\Migrator->runPending(Array, Array)
#14 C:\xampp\htdocs\sekolahAPI\vendor\illuminate\database\Console\Migrations\MigrateCommand.php(71): Illuminate\Database\Migrations\Migrator->run(Array, Array)
#15 [internal function]: Illuminate\Database\Console\Migrations\MigrateCommand->handle()
#16 C:\xampp\htdocs\sekolahAPI\vendor\illuminate\container\BoundMethod.php(29): call_user_func_array(Array, Array)
#17 C:\xampp\htdocs\sekolahAPI\vendor\illuminate\container\BoundMethod.php(87): Illuminate\Container\BoundMethod::Illuminate\Container\{closure}()
#18 C:\xampp\htdocs\sekolahAPI\vendor\illuminate\container\BoundMethod.php(31): Illuminate\Container\BoundMethod::callBoundMethod(Object(Laravel\Lumen\Application), Array, Object(Closure))
#19 C:\xampp\htdocs\sekolahAPI\vendor\illuminate\container\Container.php(572): Illuminate\Container\BoundMethod::call(Object(Laravel\Lumen\Application), Array, Array, NULL)
#20 C:\xampp\htdocs\sekolahAPI\vendor\illuminate\console\Command.php(183): Illuminate\Container\Container->call(Array)
#21 C:\xampp\htdocs\sekolahAPI\vendor\symfony\console\Command\Command.php(255): Illuminate\Console\Command->execute(Object(Symfony\Component\Console\Input\ArgvInput), Object(Illuminate\Console\OutputStyle))
#22 C:\xampp\htdocs\sekolahAPI\vendor\illuminate\console\Command.php(170): Symfony\Component\Console\Command\Command->run(Object(Symfony\Component\Console\Input\ArgvInput), Object(Illuminate\Console\OutputStyle))
#23 C:\xampp\htdocs\sekolahAPI\vendor\symfony\console\Application.php(901): Illuminate\Console\Command->run(Object(Symfony\Component\Console\Input\ArgvInput), Object(Symfony\Component\Console\Output\ConsoleOutput))
#24 C:\xampp\htdocs\sekolahAPI\vendor\symfony\console\Application.php(262): Symfony\Component\Console\Application->doRunCommand(Object(Illuminate\Database\Console\Migrations\MigrateCommand), Object(Symfony\Component\Console\Input\ArgvInput), Object(Symfony\Component\Console\Output\ConsoleOutput))
#25 C:\xampp\htdocs\sekolahAPI\vendor\symfony\console\Application.php(145): Symfony\Component\Console\Application->doRun(Object(Symfony\Component\Console\Input\ArgvInput), Object(Symfony\Component\Console\Output\ConsoleOutput))
#26 C:\xampp\htdocs\sekolahAPI\vendor\illuminate\console\Application.php(89): Symfony\Component\Console\Application->run(Object(Symfony\Component\Console\Input\ArgvInput), Object(Symfony\Component\Console\Output\ConsoleOutput))
#27 C:\xampp\htdocs\sekolahAPI\vendor\laravel\lumen-framework\src\Console\Kernel.php(115): Illuminate\Console\Application->run(Object(Symfony\Component\Console\Input\ArgvInput), Object(Symfony\Component\Console\Output\ConsoleOutput))
#28 C:\xampp\htdocs\sekolahAPI\artisan(35): Laravel\Lumen\Console\Kernel->handle(Object(Symfony\Component\Console\Input\ArgvInput), Object(Symfony\Component\Console\Output\ConsoleOutput))
#29 {main}

Next Illuminate\Database\QueryException: SQLSTATE[42S01]: Base table or view already exists: 1050 Table 't_siswa' already exists (SQL: create table `t_siswa` (`id` int unsigned not null auto_increment primary key, `nis` int not null, `nama_lengkap` varchar(150) not null, `jenis_kelamin` varchar(1) not null, `alamat` varchar(150) not null, `created_at` timestamp null, `updated_at` timestamp null) default character set utf8mb4 collate 'utf8mb4_unicode_ci') in C:\xampp\htdocs\sekolahAPI\vendor\illuminate\database\Connection.php:664
Stack trace:
#0 C:\xampp\htdocs\sekolahAPI\vendor\illuminate\database\Connection.php(624): Illuminate\Database\Connection->runQueryCallback('create table `t...', Array, Object(Closure))
#1 C:\xampp\htdocs\sekolahAPI\vendor\illuminate\database\Connection.php(459): Illuminate\Database\Connection->run('create table `t...', Array, Object(Closure))
#2 C:\xampp\htdocs\sekolahAPI\vendor\illuminate\database\Schema\Blueprint.php(97): Illuminate\Database\Connection->statement('create table `t...')
#3 C:\xampp\htdocs\sekolahAPI\vendor\illuminate\database\Schema\Builder.php(264): Illuminate\Database\Schema\Blueprint->build(Object(Illuminate\Database\MySqlConnection), Object(Illuminate\Database\Schema\Grammars\MySqlGrammar))
#4 C:\xampp\htdocs\sekolahAPI\vendor\illuminate\database\Schema\Builder.php(165): Illuminate\Database\Schema\Builder->build(Object(Illuminate\Database\Schema\Blueprint))
#5 C:\xampp\htdocs\sekolahAPI\vendor\illuminate\support\Facades\Facade.php(237): Illuminate\Database\Schema\Builder->create('t_siswa', Object(Closure))
#6 C:\xampp\htdocs\sekolahAPI\database\migrations\2019_02_21_072632_create_t_siswa.php(23): Illuminate\Support\Facades\Facade::__callStatic('create', Array)
#7 C:\xampp\htdocs\sekolahAPI\vendor\illuminate\database\Migrations\Migrator.php(360): CreateTSiswa->up()
#8 C:\xampp\htdocs\sekolahAPI\vendor\illuminate\database\Migrations\Migrator.php(367): Illuminate\Database\Migrations\Migrator->Illuminate\Database\Migrations\{closure}()
#9 C:\xampp\htdocs\sekolahAPI\vendor\illuminate\database\Migrations\Migrator.php(178): Illuminate\Database\Migrations\Migrator->runMigration(Object(CreateTSiswa), 'up')
#10 C:\xampp\htdocs\sekolahAPI\vendor\illuminate\database\Migrations\Migrator.php(147): Illuminate\Database\Migrations\Migrator->runUp('C:\\xampp\\htdocs...', 2, false)
#11 C:\xampp\htdocs\sekolahAPI\vendor\illuminate\database\Migrations\Migrator.php(96): Illuminate\Database\Migrations\Migrator->runPending(Array, Array)
#12 C:\xampp\htdocs\sekolahAPI\vendor\illuminate\database\Console\Migrations\MigrateCommand.php(71): Illuminate\Database\Migrations\Migrator->run(Array, Array)
#13 [internal function]: Illuminate\Database\Console\Migrations\MigrateCommand->handle()
#14 C:\xampp\htdocs\sekolahAPI\vendor\illuminate\container\BoundMethod.php(29): call_user_func_array(Array, Array)
#15 C:\xampp\htdocs\sekolahAPI\vendor\illuminate\container\BoundMethod.php(87): Illuminate\Container\BoundMethod::Illuminate\Container\{closure}()
#16 C:\xampp\htdocs\sekolahAPI\vendor\illuminate\container\BoundMethod.php(31): Illuminate\Container\BoundMethod::callBoundMethod(Object(Laravel\Lumen\Application), Array, Object(Closure))
#17 C:\xampp\htdocs\sekolahAPI\vendor\illuminate\container\Container.php(572): Illuminate\Container\BoundMethod::call(Object(Laravel\Lumen\Application), Array, Array, NULL)
#18 C:\xampp\htdocs\sekolahAPI\vendor\illuminate\console\Command.php(183): Illuminate\Container\Container->call(Array)
#19 C:\xampp\htdocs\sekolahAPI\vendor\symfony\console\Command\Command.php(255): Illuminate\Console\Command->execute(Object(Symfony\Component\Console\Input\ArgvInput), Object(Illuminate\Console\OutputStyle))
#20 C:\xampp\htdocs\sekolahAPI\vendor\illuminate\console\Command.php(170): Symfony\Component\Console\Command\Command->run(Object(Symfony\Component\Console\Input\ArgvInput), Object(Illuminate\Console\OutputStyle))
#21 C:\xampp\htdocs\sekolahAPI\vendor\symfony\console\Application.php(901): Illuminate\Console\Command->run(Object(Symfony\Component\Console\Input\ArgvInput), Object(Symfony\Component\Console\Output\ConsoleOutput))
#22 C:\xampp\htdocs\sekolahAPI\vendor\symfony\console\Application.php(262): Symfony\Component\Console\Application->doRunCommand(Object(Illuminate\Database\Console\Migrations\MigrateCommand), Object(Symfony\Component\Console\Input\ArgvInput), Object(Symfony\Component\Console\Output\ConsoleOutput))
#23 C:\xampp\htdocs\sekolahAPI\vendor\symfony\console\Application.php(145): Symfony\Component\Console\Application->doRun(Object(Symfony\Component\Console\Input\ArgvInput), Object(Symfony\Component\Console\Output\ConsoleOutput))
#24 C:\xampp\htdocs\sekolahAPI\vendor\illuminate\console\Application.php(89): Symfony\Component\Console\Application->run(Object(Symfony\Component\Console\Input\ArgvInput), Object(Symfony\Component\Console\Output\ConsoleOutput))
#25 C:\xampp\htdocs\sekolahAPI\vendor\laravel\lumen-framework\src\Console\Kernel.php(115): Illuminate\Console\Application->run(Object(Symfony\Component\Console\Input\ArgvInput), Object(Symfony\Component\Console\Output\ConsoleOutput))
#26 C:\xampp\htdocs\sekolahAPI\artisan(35): Laravel\Lumen\Console\Kernel->handle(Object(Symfony\Component\Console\Input\ArgvInput), Object(Symfony\Component\Console\Output\ConsoleOutput))
#27 {main} {"exception":"[object] (Illuminate\\Database\\QueryException(code: 42S01): SQLSTATE[42S01]: Base table or view already exists: 1050 Table 't_siswa' already exists (SQL: create table `t_siswa` (`id` int unsigned not null auto_increment primary key, `nis` int not null, `nama_lengkap` varchar(150) not null, `jenis_kelamin` varchar(1) not null, `alamat` varchar(150) not null, `created_at` timestamp null, `updated_at` timestamp null) default character set utf8mb4 collate 'utf8mb4_unicode_ci') at C:\\xampp\\htdocs\\sekolahAPI\\vendor\\illuminate\\database\\Connection.php:664, PDOException(code: 42S01): SQLSTATE[42S01]: Base table or view already exists: 1050 Table 't_siswa' already exists at C:\\xampp\\htdocs\\sekolahAPI\\vendor\\illuminate\\database\\Connection.php:458)
[stacktrace]
#0 C:\\xampp\\htdocs\\sekolahAPI\\vendor\\illuminate\\database\\Connection.php(624): Illuminate\\Database\\Connection->runQueryCallback('create table `t...', Array, Object(Closure))
#1 C:\\xampp\\htdocs\\sekolahAPI\\vendor\\illuminate\\database\\Connection.php(459): Illuminate\\Database\\Connection->run('create table `t...', Array, Object(Closure))
#2 C:\\xampp\\htdocs\\sekolahAPI\\vendor\\illuminate\\database\\Schema\\Blueprint.php(97): Illuminate\\Database\\Connection->statement('create table `t...')
#3 C:\\xampp\\htdocs\\sekolahAPI\\vendor\\illuminate\\database\\Schema\\Builder.php(264): Illuminate\\Database\\Schema\\Blueprint->build(Object(Illuminate\\Database\\MySqlConnection), Object(Illuminate\\Database\\Schema\\Grammars\\MySqlGrammar))
#4 C:\\xampp\\htdocs\\sekolahAPI\\vendor\\illuminate\\database\\Schema\\Builder.php(165): Illuminate\\Database\\Schema\\Builder->build(Object(Illuminate\\Database\\Schema\\Blueprint))
#5 C:\\xampp\\htdocs\\sekolahAPI\\vendor\\illuminate\\support\\Facades\\Facade.php(237): Illuminate\\Database\\Schema\\Builder->create('t_siswa', Object(Closure))
#6 C:\\xampp\\htdocs\\sekolahAPI\\database\\migrations\\2019_02_21_072632_create_t_siswa.php(23): Illuminate\\Support\\Facades\\Facade::__callStatic('create', Array)
#7 C:\\xampp\\htdocs\\sekolahAPI\\vendor\\illuminate\\database\\Migrations\\Migrator.php(360): CreateTSiswa->up()
#8 C:\\xampp\\htdocs\\sekolahAPI\\vendor\\illuminate\\database\\Migrations\\Migrator.php(367): Illuminate\\Database\\Migrations\\Migrator->Illuminate\\Database\\Migrations\\{closure}()
#9 C:\\xampp\\htdocs\\sekolahAPI\\vendor\\illuminate\\database\\Migrations\\Migrator.php(178): Illuminate\\Database\\Migrations\\Migrator->runMigration(Object(CreateTSiswa), 'up')
#10 C:\\xampp\\htdocs\\sekolahAPI\\vendor\\illuminate\\database\\Migrations\\Migrator.php(147): Illuminate\\Database\\Migrations\\Migrator->runUp('C:\\\\xampp\\\\htdocs...', 2, false)
#11 C:\\xampp\\htdocs\\sekolahAPI\\vendor\\illuminate\\database\\Migrations\\Migrator.php(96): Illuminate\\Database\\Migrations\\Migrator->runPending(Array, Array)
#12 C:\\xampp\\htdocs\\sekolahAPI\\vendor\\illuminate\\database\\Console\\Migrations\\MigrateCommand.php(71): Illuminate\\Database\\Migrations\\Migrator->run(Array, Array)
#13 [internal function]: Illuminate\\Database\\Console\\Migrations\\MigrateCommand->handle()
#14 C:\\xampp\\htdocs\\sekolahAPI\\vendor\\illuminate\\container\\BoundMethod.php(29): call_user_func_array(Array, Array)
#15 C:\\xampp\\htdocs\\sekolahAPI\\vendor\\illuminate\\container\\BoundMethod.php(87): Illuminate\\Container\\BoundMethod::Illuminate\\Container\\{closure}()
#16 C:\\xampp\\htdocs\\sekolahAPI\\vendor\\illuminate\\container\\BoundMethod.php(31): Illuminate\\Container\\BoundMethod::callBoundMethod(Object(Laravel\\Lumen\\Application), Array, Object(Closure))
#17 C:\\xampp\\htdocs\\sekolahAPI\\vendor\\illuminate\\container\\Container.php(572): Illuminate\\Container\\BoundMethod::call(Object(Laravel\\Lumen\\Application), Array, Array, NULL)
#18 C:\\xampp\\htdocs\\sekolahAPI\\vendor\\illuminate\\console\\Command.php(183): Illuminate\\Container\\Container->call(Array)
#19 C:\\xampp\\htdocs\\sekolahAPI\\vendor\\symfony\\console\\Command\\Command.php(255): Illuminate\\Console\\Command->execute(Object(Symfony\\Component\\Console\\Input\\ArgvInput), Object(Illuminate\\Console\\OutputStyle))
#20 C:\\xampp\\htdocs\\sekolahAPI\\vendor\\illuminate\\console\\Command.php(170): Symfony\\Component\\Console\\Command\\Command->run(Object(Symfony\\Component\\Console\\Input\\ArgvInput), Object(Illuminate\\Console\\OutputStyle))
#21 C:\\xampp\\htdocs\\sekolahAPI\\vendor\\symfony\\console\\Application.php(901): Illuminate\\Console\\Command->run(Object(Symfony\\Component\\Console\\Input\\ArgvInput), Object(Symfony\\Component\\Console\\Output\\ConsoleOutput))
#22 C:\\xampp\\htdocs\\sekolahAPI\\vendor\\symfony\\console\\Application.php(262): Symfony\\Component\\Console\\Application->doRunCommand(Object(Illuminate\\Database\\Console\\Migrations\\MigrateCommand), Object(Symfony\\Component\\Console\\Input\\ArgvInput), Object(Symfony\\Component\\Console\\Output\\ConsoleOutput))
#23 C:\\xampp\\htdocs\\sekolahAPI\\vendor\\symfony\\console\\Application.php(145): Symfony\\Component\\Console\\Application->doRun(Object(Symfony\\Component\\Console\\Input\\ArgvInput), Object(Symfony\\Component\\Console\\Output\\ConsoleOutput))
#24 C:\\xampp\\htdocs\\sekolahAPI\\vendor\\illuminate\\console\\Application.php(89): Symfony\\Component\\Console\\Application->run(Object(Symfony\\Component\\Console\\Input\\ArgvInput), Object(Symfony\\Component\\Console\\Output\\ConsoleOutput))
#25 C:\\xampp\\htdocs\\sekolahAPI\\vendor\\laravel\\lumen-framework\\src\\Console\\Kernel.php(115): Illuminate\\Console\\Application->run(Object(Symfony\\Component\\Console\\Input\\ArgvInput), Object(Symfony\\Component\\Console\\Output\\ConsoleOutput))
#26 C:\\xampp\\htdocs\\sekolahAPI\\artisan(35): Laravel\\Lumen\\Console\\Kernel->handle(Object(Symfony\\Component\\Console\\Input\\ArgvInput), Object(Symfony\\Component\\Console\\Output\\ConsoleOutput))
#27 {main}
"} 
[2019-02-21 14:43:30] local.ERROR: PDOException: SQLSTATE[42S01]: Base table or view already exists: 1050 Table 't_siswa' already exists in C:\xampp\htdocs\sekolahAPI\vendor\illuminate\database\Connection.php:458
Stack trace:
#0 C:\xampp\htdocs\sekolahAPI\vendor\illuminate\database\Connection.php(458): PDOStatement->execute()
#1 C:\xampp\htdocs\sekolahAPI\vendor\illuminate\database\Connection.php(657): Illuminate\Database\Connection->Illuminate\Database\{closure}('create table `t...', Array)
#2 C:\xampp\htdocs\sekolahAPI\vendor\illuminate\database\Connection.php(624): Illuminate\Database\Connection->runQueryCallback('create table `t...', Array, Object(Closure))
#3 C:\xampp\htdocs\sekolahAPI\vendor\illuminate\database\Connection.php(459): Illuminate\Database\Connection->run('create table `t...', Array, Object(Closure))
#4 C:\xampp\htdocs\sekolahAPI\vendor\illuminate\database\Schema\Blueprint.php(97): Illuminate\Database\Connection->statement('create table `t...')
#5 C:\xampp\htdocs\sekolahAPI\vendor\illuminate\database\Schema\Builder.php(264): Illuminate\Database\Schema\Blueprint->build(Object(Illuminate\Database\MySqlConnection), Object(Illuminate\Database\Schema\Grammars\MySqlGrammar))
#6 C:\xampp\htdocs\sekolahAPI\vendor\illuminate\database\Schema\Builder.php(165): Illuminate\Database\Schema\Builder->build(Object(Illuminate\Database\Schema\Blueprint))
#7 C:\xampp\htdocs\sekolahAPI\vendor\illuminate\support\Facades\Facade.php(237): Illuminate\Database\Schema\Builder->create('t_siswa', Object(Closure))
#8 C:\xampp\htdocs\sekolahAPI\database\migrations\2019_02_21_072632_create_t_siswa.php(23): Illuminate\Support\Facades\Facade::__callStatic('create', Array)
#9 C:\xampp\htdocs\sekolahAPI\vendor\illuminate\database\Migrations\Migrator.php(360): CreateTSiswa->up()
#10 C:\xampp\htdocs\sekolahAPI\vendor\illuminate\database\Migrations\Migrator.php(367): Illuminate\Database\Migrations\Migrator->Illuminate\Database\Migrations\{closure}()
#11 C:\xampp\htdocs\sekolahAPI\vendor\illuminate\database\Migrations\Migrator.php(178): Illuminate\Database\Migrations\Migrator->runMigration(Object(CreateTSiswa), 'up')
#12 C:\xampp\htdocs\sekolahAPI\vendor\illuminate\database\Migrations\Migrator.php(147): Illuminate\Database\Migrations\Migrator->runUp('C:\\xampp\\htdocs...', 2, false)
#13 C:\xampp\htdocs\sekolahAPI\vendor\illuminate\database\Migrations\Migrator.php(96): Illuminate\Database\Migrations\Migrator->runPending(Array, Array)
#14 C:\xampp\htdocs\sekolahAPI\vendor\illuminate\database\Console\Migrations\MigrateCommand.php(71): Illuminate\Database\Migrations\Migrator->run(Array, Array)
#15 [internal function]: Illuminate\Database\Console\Migrations\MigrateCommand->handle()
#16 C:\xampp\htdocs\sekolahAPI\vendor\illuminate\container\BoundMethod.php(29): call_user_func_array(Array, Array)
#17 C:\xampp\htdocs\sekolahAPI\vendor\illuminate\container\BoundMethod.php(87): Illuminate\Container\BoundMethod::Illuminate\Container\{closure}()
#18 C:\xampp\htdocs\sekolahAPI\vendor\illuminate\container\BoundMethod.php(31): Illuminate\Container\BoundMethod::callBoundMethod(Object(Laravel\Lumen\Application), Array, Object(Closure))
#19 C:\xampp\htdocs\sekolahAPI\vendor\illuminate\container\Container.php(572): Illuminate\Container\BoundMethod::call(Object(Laravel\Lumen\Application), Array, Array, NULL)
#20 C:\xampp\htdocs\sekolahAPI\vendor\illuminate\console\Command.php(183): Illuminate\Container\Container->call(Array)
#21 C:\xampp\htdocs\sekolahAPI\vendor\symfony\console\Command\Command.php(255): Illuminate\Console\Command->execute(Object(Symfony\Component\Console\Input\ArgvInput), Object(Illuminate\Console\OutputStyle))
#22 C:\xampp\htdocs\sekolahAPI\vendor\illuminate\console\Command.php(170): Symfony\Component\Console\Command\Command->run(Object(Symfony\Component\Console\Input\ArgvInput), Object(Illuminate\Console\OutputStyle))
#23 C:\xampp\htdocs\sekolahAPI\vendor\symfony\console\Application.php(901): Illuminate\Console\Command->run(Object(Symfony\Component\Console\Input\ArgvInput), Object(Symfony\Component\Console\Output\ConsoleOutput))
#24 C:\xampp\htdocs\sekolahAPI\vendor\symfony\console\Application.php(262): Symfony\Component\Console\Application->doRunCommand(Object(Illuminate\Database\Console\Migrations\MigrateCommand), Object(Symfony\Component\Console\Input\ArgvInput), Object(Symfony\Component\Console\Output\ConsoleOutput))
#25 C:\xampp\htdocs\sekolahAPI\vendor\symfony\console\Application.php(145): Symfony\Component\Console\Application->doRun(Object(Symfony\Component\Console\Input\ArgvInput), Object(Symfony\Component\Console\Output\ConsoleOutput))
#26 C:\xampp\htdocs\sekolahAPI\vendor\illuminate\console\Application.php(89): Symfony\Component\Console\Application->run(Object(Symfony\Component\Console\Input\ArgvInput), Object(Symfony\Component\Console\Output\ConsoleOutput))
#27 C:\xampp\htdocs\sekolahAPI\vendor\laravel\lumen-framework\src\Console\Kernel.php(115): Illuminate\Console\Application->run(Object(Symfony\Component\Console\Input\ArgvInput), Object(Symfony\Component\Console\Output\ConsoleOutput))
#28 C:\xampp\htdocs\sekolahAPI\artisan(35): Laravel\Lumen\Console\Kernel->handle(Object(Symfony\Component\Console\Input\ArgvInput), Object(Symfony\Component\Console\Output\ConsoleOutput))
#29 {main}

Next Illuminate\Database\QueryException: SQLSTATE[42S01]: Base table or view already exists: 1050 Table 't_siswa' already exists (SQL: create table `t_siswa` (`id` int unsigned not null auto_increment primary key, `nis` int not null, `nama_lengkap` varchar(150) not null, `jenis_kelamin` varchar(1) not null, `alamat` varchar(150) not null, `created_at` timestamp null, `updated_at` timestamp null) default character set utf8mb4 collate 'utf8mb4_unicode_ci') in C:\xampp\htdocs\sekolahAPI\vendor\illuminate\database\Connection.php:664
Stack trace:
#0 C:\xampp\htdocs\sekolahAPI\vendor\illuminate\database\Connection.php(624): Illuminate\Database\Connection->runQueryCallback('create table `t...', Array, Object(Closure))
#1 C:\xampp\htdocs\sekolahAPI\vendor\illuminate\database\Connection.php(459): Illuminate\Database\Connection->run('create table `t...', Array, Object(Closure))
#2 C:\xampp\htdocs\sekolahAPI\vendor\illuminate\database\Schema\Blueprint.php(97): Illuminate\Database\Connection->statement('create table `t...')
#3 C:\xampp\htdocs\sekolahAPI\vendor\illuminate\database\Schema\Builder.php(264): Illuminate\Database\Schema\Blueprint->build(Object(Illuminate\Database\MySqlConnection), Object(Illuminate\Database\Schema\Grammars\MySqlGrammar))
#4 C:\xampp\htdocs\sekolahAPI\vendor\illuminate\database\Schema\Builder.php(165): Illuminate\Database\Schema\Builder->build(Object(Illuminate\Database\Schema\Blueprint))
#5 C:\xampp\htdocs\sekolahAPI\vendor\illuminate\support\Facades\Facade.php(237): Illuminate\Database\Schema\Builder->create('t_siswa', Object(Closure))
#6 C:\xampp\htdocs\sekolahAPI\database\migrations\2019_02_21_072632_create_t_siswa.php(23): Illuminate\Support\Facades\Facade::__callStatic('create', Array)
#7 C:\xampp\htdocs\sekolahAPI\vendor\illuminate\database\Migrations\Migrator.php(360): CreateTSiswa->up()
#8 C:\xampp\htdocs\sekolahAPI\vendor\illuminate\database\Migrations\Migrator.php(367): Illuminate\Database\Migrations\Migrator->Illuminate\Database\Migrations\{closure}()
#9 C:\xampp\htdocs\sekolahAPI\vendor\illuminate\database\Migrations\Migrator.php(178): Illuminate\Database\Migrations\Migrator->runMigration(Object(CreateTSiswa), 'up')
#10 C:\xampp\htdocs\sekolahAPI\vendor\illuminate\database\Migrations\Migrator.php(147): Illuminate\Database\Migrations\Migrator->runUp('C:\\xampp\\htdocs...', 2, false)
#11 C:\xampp\htdocs\sekolahAPI\vendor\illuminate\database\Migrations\Migrator.php(96): Illuminate\Database\Migrations\Migrator->runPending(Array, Array)
#12 C:\xampp\htdocs\sekolahAPI\vendor\illuminate\database\Console\Migrations\MigrateCommand.php(71): Illuminate\Database\Migrations\Migrator->run(Array, Array)
#13 [internal function]: Illuminate\Database\Console\Migrations\MigrateCommand->handle()
#14 C:\xampp\htdocs\sekolahAPI\vendor\illuminate\container\BoundMethod.php(29): call_user_func_array(Array, Array)
#15 C:\xampp\htdocs\sekolahAPI\vendor\illuminate\container\BoundMethod.php(87): Illuminate\Container\BoundMethod::Illuminate\Container\{closure}()
#16 C:\xampp\htdocs\sekolahAPI\vendor\illuminate\container\BoundMethod.php(31): Illuminate\Container\BoundMethod::callBoundMethod(Object(Laravel\Lumen\Application), Array, Object(Closure))
#17 C:\xampp\htdocs\sekolahAPI\vendor\illuminate\container\Container.php(572): Illuminate\Container\BoundMethod::call(Object(Laravel\Lumen\Application), Array, Array, NULL)
#18 C:\xampp\htdocs\sekolahAPI\vendor\illuminate\console\Command.php(183): Illuminate\Container\Container->call(Array)
#19 C:\xampp\htdocs\sekolahAPI\vendor\symfony\console\Command\Command.php(255): Illuminate\Console\Command->execute(Object(Symfony\Component\Console\Input\ArgvInput), Object(Illuminate\Console\OutputStyle))
#20 C:\xampp\htdocs\sekolahAPI\vendor\illuminate\console\Command.php(170): Symfony\Component\Console\Command\Command->run(Object(Symfony\Component\Console\Input\ArgvInput), Object(Illuminate\Console\OutputStyle))
#21 C:\xampp\htdocs\sekolahAPI\vendor\symfony\console\Application.php(901): Illuminate\Console\Command->run(Object(Symfony\Component\Console\Input\ArgvInput), Object(Symfony\Component\Console\Output\ConsoleOutput))
#22 C:\xampp\htdocs\sekolahAPI\vendor\symfony\console\Application.php(262): Symfony\Component\Console\Application->doRunCommand(Object(Illuminate\Database\Console\Migrations\MigrateCommand), Object(Symfony\Component\Console\Input\ArgvInput), Object(Symfony\Component\Console\Output\ConsoleOutput))
#23 C:\xampp\htdocs\sekolahAPI\vendor\symfony\console\Application.php(145): Symfony\Component\Console\Application->doRun(Object(Symfony\Component\Console\Input\ArgvInput), Object(Symfony\Component\Console\Output\ConsoleOutput))
#24 C:\xampp\htdocs\sekolahAPI\vendor\illuminate\console\Application.php(89): Symfony\Component\Console\Application->run(Object(Symfony\Component\Console\Input\ArgvInput), Object(Symfony\Component\Console\Output\ConsoleOutput))
#25 C:\xampp\htdocs\sekolahAPI\vendor\laravel\lumen-framework\src\Console\Kernel.php(115): Illuminate\Console\Application->run(Object(Symfony\Component\Console\Input\ArgvInput), Object(Symfony\Component\Console\Output\ConsoleOutput))
#26 C:\xampp\htdocs\sekolahAPI\artisan(35): Laravel\Lumen\Console\Kernel->handle(Object(Symfony\Component\Console\Input\ArgvInput), Object(Symfony\Component\Console\Output\ConsoleOutput))
#27 {main} {"exception":"[object] (Illuminate\\Database\\QueryException(code: 42S01): SQLSTATE[42S01]: Base table or view already exists: 1050 Table 't_siswa' already exists (SQL: create table `t_siswa` (`id` int unsigned not null auto_increment primary key, `nis` int not null, `nama_lengkap` varchar(150) not null, `jenis_kelamin` varchar(1) not null, `alamat` varchar(150) not null, `created_at` timestamp null, `updated_at` timestamp null) default character set utf8mb4 collate 'utf8mb4_unicode_ci') at C:\\xampp\\htdocs\\sekolahAPI\\vendor\\illuminate\\database\\Connection.php:664, PDOException(code: 42S01): SQLSTATE[42S01]: Base table or view already exists: 1050 Table 't_siswa' already exists at C:\\xampp\\htdocs\\sekolahAPI\\vendor\\illuminate\\database\\Connection.php:458)
[stacktrace]
#0 C:\\xampp\\htdocs\\sekolahAPI\\vendor\\illuminate\\database\\Connection.php(624): Illuminate\\Database\\Connection->runQueryCallback('create table `t...', Array, Object(Closure))
#1 C:\\xampp\\htdocs\\sekolahAPI\\vendor\\illuminate\\database\\Connection.php(459): Illuminate\\Database\\Connection->run('create table `t...', Array, Object(Closure))
#2 C:\\xampp\\htdocs\\sekolahAPI\\vendor\\illuminate\\database\\Schema\\Blueprint.php(97): Illuminate\\Database\\Connection->statement('create table `t...')
#3 C:\\xampp\\htdocs\\sekolahAPI\\vendor\\illuminate\\database\\Schema\\Builder.php(264): Illuminate\\Database\\Schema\\Blueprint->build(Object(Illuminate\\Database\\MySqlConnection), Object(Illuminate\\Database\\Schema\\Grammars\\MySqlGrammar))
#4 C:\\xampp\\htdocs\\sekolahAPI\\vendor\\illuminate\\database\\Schema\\Builder.php(165): Illuminate\\Database\\Schema\\Builder->build(Object(Illuminate\\Database\\Schema\\Blueprint))
#5 C:\\xampp\\htdocs\\sekolahAPI\\vendor\\illuminate\\support\\Facades\\Facade.php(237): Illuminate\\Database\\Schema\\Builder->create('t_siswa', Object(Closure))
#6 C:\\xampp\\htdocs\\sekolahAPI\\database\\migrations\\2019_02_21_072632_create_t_siswa.php(23): Illuminate\\Support\\Facades\\Facade::__callStatic('create', Array)
#7 C:\\xampp\\htdocs\\sekolahAPI\\vendor\\illuminate\\database\\Migrations\\Migrator.php(360): CreateTSiswa->up()
#8 C:\\xampp\\htdocs\\sekolahAPI\\vendor\\illuminate\\database\\Migrations\\Migrator.php(367): Illuminate\\Database\\Migrations\\Migrator->Illuminate\\Database\\Migrations\\{closure}()
#9 C:\\xampp\\htdocs\\sekolahAPI\\vendor\\illuminate\\database\\Migrations\\Migrator.php(178): Illuminate\\Database\\Migrations\\Migrator->runMigration(Object(CreateTSiswa), 'up')
#10 C:\\xampp\\htdocs\\sekolahAPI\\vendor\\illuminate\\database\\Migrations\\Migrator.php(147): Illuminate\\Database\\Migrations\\Migrator->runUp('C:\\\\xampp\\\\htdocs...', 2, false)
#11 C:\\xampp\\htdocs\\sekolahAPI\\vendor\\illuminate\\database\\Migrations\\Migrator.php(96): Illuminate\\Database\\Migrations\\Migrator->runPending(Array, Array)
#12 C:\\xampp\\htdocs\\sekolahAPI\\vendor\\illuminate\\database\\Console\\Migrations\\MigrateCommand.php(71): Illuminate\\Database\\Migrations\\Migrator->run(Array, Array)
#13 [internal function]: Illuminate\\Database\\Console\\Migrations\\MigrateCommand->handle()
#14 C:\\xampp\\htdocs\\sekolahAPI\\vendor\\illuminate\\container\\BoundMethod.php(29): call_user_func_array(Array, Array)
#15 C:\\xampp\\htdocs\\sekolahAPI\\vendor\\illuminate\\container\\BoundMethod.php(87): Illuminate\\Container\\BoundMethod::Illuminate\\Container\\{closure}()
#16 C:\\xampp\\htdocs\\sekolahAPI\\vendor\\illuminate\\container\\BoundMethod.php(31): Illuminate\\Container\\BoundMethod::callBoundMethod(Object(Laravel\\Lumen\\Application), Array, Object(Closure))
#17 C:\\xampp\\htdocs\\sekolahAPI\\vendor\\illuminate\\container\\Container.php(572): Illuminate\\Container\\BoundMethod::call(Object(Laravel\\Lumen\\Application), Array, Array, NULL)
#18 C:\\xampp\\htdocs\\sekolahAPI\\vendor\\illuminate\\console\\Command.php(183): Illuminate\\Container\\Container->call(Array)
#19 C:\\xampp\\htdocs\\sekolahAPI\\vendor\\symfony\\console\\Command\\Command.php(255): Illuminate\\Console\\Command->execute(Object(Symfony\\Component\\Console\\Input\\ArgvInput), Object(Illuminate\\Console\\OutputStyle))
#20 C:\\xampp\\htdocs\\sekolahAPI\\vendor\\illuminate\\console\\Command.php(170): Symfony\\Component\\Console\\Command\\Command->run(Object(Symfony\\Component\\Console\\Input\\ArgvInput), Object(Illuminate\\Console\\OutputStyle))
#21 C:\\xampp\\htdocs\\sekolahAPI\\vendor\\symfony\\console\\Application.php(901): Illuminate\\Console\\Command->run(Object(Symfony\\Component\\Console\\Input\\ArgvInput), Object(Symfony\\Component\\Console\\Output\\ConsoleOutput))
#22 C:\\xampp\\htdocs\\sekolahAPI\\vendor\\symfony\\console\\Application.php(262): Symfony\\Component\\Console\\Application->doRunCommand(Object(Illuminate\\Database\\Console\\Migrations\\MigrateCommand), Object(Symfony\\Component\\Console\\Input\\ArgvInput), Object(Symfony\\Component\\Console\\Output\\ConsoleOutput))
#23 C:\\xampp\\htdocs\\sekolahAPI\\vendor\\symfony\\console\\Application.php(145): Symfony\\Component\\Console\\Application->doRun(Object(Symfony\\Component\\Console\\Input\\ArgvInput), Object(Symfony\\Component\\Console\\Output\\ConsoleOutput))
#24 C:\\xampp\\htdocs\\sekolahAPI\\vendor\\illuminate\\console\\Application.php(89): Symfony\\Component\\Console\\Application->run(Object(Symfony\\Component\\Console\\Input\\ArgvInput), Object(Symfony\\Component\\Console\\Output\\ConsoleOutput))
#25 C:\\xampp\\htdocs\\sekolahAPI\\vendor\\laravel\\lumen-framework\\src\\Console\\Kernel.php(115): Illuminate\\Console\\Application->run(Object(Symfony\\Component\\Console\\Input\\ArgvInput), Object(Symfony\\Component\\Console\\Output\\ConsoleOutput))
#26 C:\\xampp\\htdocs\\sekolahAPI\\artisan(35): Laravel\\Lumen\\Console\\Kernel->handle(Object(Symfony\\Component\\Console\\Input\\ArgvInput), Object(Symfony\\Component\\Console\\Output\\ConsoleOutput))
#27 {main}
"} 
